<!DOCTYPE html PUBLIC "-//W3C//DTD XHTML 1.1//EN" "http://www.w3.org/TR/xhtml11/DTD/xhtml11.dtd">
<html xmlns="http://www.w3.org/1999/xhtml"><head><title>TestNG Report</title><style type="text/css">table {margin-bottom:10px;border-collapse:collapse;empty-cells:show}th,td {border:1px solid #009;padding:.25em .5em}th {vertical-align:bottom}td {vertical-align:top}table a {font-weight:bold}.stripe td {background-color: #E6EBF9}.num {text-align:right}.passedodd td {background-color: #3F3}.passedeven td {background-color: #0A0}.skippedodd td {background-color: #DDD}.skippedeven td {background-color: #CCC}.failedodd td,.attn {background-color: #F33}.failedeven td,.stripe .attn {background-color: #D00}.stacktrace {white-space:pre;font-family:monospace}.totop {font-size:85%;text-align:center;border-bottom:2px solid #000}</style></head><body><table><tr><th>Test</th><th># Passed</th><th># Skipped</th><th># Failed</th><th>Time (ms)</th><th>Included Groups</th><th>Excluded Groups</th></tr><tr><th colspan="7">Command line suite</th></tr><tr><td><a href="#t0">Command line test</a></td><td class="num">0</td><td class="num attn">4</td><td class="num">0</td><td class="num">59,177</td><td></td><td></td></tr></table><table><thead><tr><th>Class</th><th>Method</th><th>Start</th><th>Time (ms)</th></tr></thead><tbody><tr><th colspan="4">Command line suite</th></tr></tbody><tbody id="t0"><tr><th colspan="4">Command line test &#8212; failed (configuration methods)</th></tr><tr class="failedeven"><td rowspan="1">MyAssignment.MyAssignment.PlivoTest</td><td><a href="#m0">fillTestData</a></td><td rowspan="1">1536577410591</td><td rowspan="1">0</td></tr><tr><th colspan="4">Command line test &#8212; skipped (configuration methods)</th></tr><tr class="skippedeven"><td rowspan="2">MyAssignment.MyAssignment.PlivoTest</td><td><a href="#m1">setUp</a></td><td rowspan="1">1536577410751</td><td rowspan="1">0</td></tr><tr class="skippedeven"><td><a href="#m2">tearDown</a></td><td rowspan="1">1536577411043</td><td rowspan="1">0</td></tr><tr><th colspan="4">Command line test &#8212; skipped</th></tr><tr class="skippedeven"><td rowspan="4">MyAssignment.MyAssignment.PlivoTest</td><td><a href="#m3">addModules</a></td><td rowspan="1">1536577410760</td><td rowspan="1">0</td></tr><tr class="skippedeven"><td><a href="#m4">checkConnections</a></td><td rowspan="1">1536577410772</td><td rowspan="1">1</td></tr><tr class="skippedeven"><td><a href="#m5">createApp</a></td><td rowspan="1">1536577410757</td><td rowspan="1">0</td></tr><tr class="skippedeven"><td><a href="#m6">verifyAddedValues</a></td><td rowspan="1">1536577411041</td><td rowspan="1">2</td></tr></tbody></table><h2>Command line test</h2><h3 id="m0">MyAssignment.MyAssignment.PlivoTest#fillTestData</h3><table class="result"><tr><th>Exception</th></tr><tr><td><div class="stacktrace">org.testng.TestNGException: 
Parameter &apos;phoneNumber&apos; is required by @Configuration on method fillTestData but has not been marked @Optional or defined

... Removed 31 stack frames</div></td></tr></table><p class="totop"><a href="#summary">back to summary</a></p><h3 id="m1">MyAssignment.MyAssignment.PlivoTest#setUp</h3><table class="result"></table><p class="totop"><a href="#summary">back to summary</a></p><h3 id="m2">MyAssignment.MyAssignment.PlivoTest#tearDown</h3><table class="result"></table><p class="totop"><a href="#summary">back to summary</a></p><h3 id="m3">MyAssignment.MyAssignment.PlivoTest#addModules</h3><table class="result"><tr><th>Exception</th></tr><tr><td><div class="stacktrace">org.testng.TestNGException: 
Parameter &apos;smsName&apos; is required by @Test on method addModules but has not been marked @Optional or defined

... Removed 32 stack frames</div></td></tr></table><p class="totop"><a href="#summary">back to summary</a></p><h3 id="m4">MyAssignment.MyAssignment.PlivoTest#checkConnections</h3><table class="result"></table><p class="totop"><a href="#summary">back to summary</a></p><h3 id="m5">MyAssignment.MyAssignment.PlivoTest#createApp</h3><table class="result"><tr><th>Exception</th></tr><tr><td><div class="stacktrace">org.testng.TestNGException: 
Parameter &apos;pageName&apos; is required by @Test on method createApp but has not been marked @Optional or defined

... Removed 32 stack frames</div></td></tr></table><p class="totop"><a href="#summary">back to summary</a></p><h3 id="m6">MyAssignment.MyAssignment.PlivoTest#verifyAddedValues</h3><table class="result"></table><p class="totop"><a href="#summary">back to summary</a></p></body></html>